<?xml version="1.0" encoding="UTF-8"?>
<testsuite name="Scenario: User can do a search from Google homepage using the suggestions" tests="7" skipped="0" failures="0" errors="0" timestamp="2020-07-06T21:07:43" hostname="LAPTOP-AS5HFOC4" time="17.605">
  <properties/>
  <testcase name="Given I m on the homepage" classname="Scenario: User can do a search from Google homepage using the suggestions" time="0.0"/>
  <testcase name="When I type 'The name of the w' into the search field" classname="Scenario: User can do a search from Google homepage using the suggestions" time="0.0"/>
  <testcase name="And the suggestions list is displayed" classname="Scenario: User can do a search from Google homepage using the suggestions" time="0.0"/>
  <testcase name="And I click on the first suggestion in the list" classname="Scenario: User can do a search from Google homepage using the suggestions" time="0.0"/>
  <testcase name="Then I go to the search results page" classname="Scenario: User can do a search from Google homepage using the suggestions" time="0.0"/>
  <testcase name="And the third result is 'The Name of the Wind by Patrick Rothfuss - Goodreads'" classname="Scenario: User can do a search from Google homepage using the suggestions" time="0.0"/>
  <testcase name="classMethod" classname="Scenario: User can do a search from Google homepage using the suggestions" time="23.625"/>
  <system-out><![CDATA[2020-jul-06 16:07:37 [Test] INFO  : ============================ Start Test ==============================

  Scenario: User can do a search from Google homepage using Google Search button   ?[90m# src/main/resources/features/GoogleSearch.feature:3?[0m
    ?[32mGiven ?[0m?[32mI m on the homepage?[0m                                                      ?[90m# StepTestGoogle.ImOnTheHomepage()?[0m
    ?[32mWhen ?[0m?[32mI type 'The name of the wind' into the search field?[0m                       ?[90m# StepTestGoogle.iTypeTheNameOfTheWindIntoTheSearchField()?[0m
    ?[32mAnd ?[0m?[32mI click the Google Search button?[0m                                           ?[90m# StepTestGoogle.iClickTheGoogleSearchButton()?[0m
    ?[32mThen ?[0m?[32mI go to the search results page?[0m                                           ?[90m# StepTestGoogle.iGoToTheSearchResultsPage()?[0m
    ?[32mAnd ?[0m?[32mthe third result is ?[0m?[32m?[1m'The Name of the Wind by Patrick Rothfuss - Goodreads'?[0m ?[90m# StepTestGoogle.theThirdResultIsTheNameOfTheWindByPatrickRothfussGoodreads(String)?[0m
2020-jul-06 16:07:43 [Test] INFO  : ----------Operation: Go to google home page----------
2020-jul-06 16:07:43 [Test] INFO  : ----------Operation successfully completed----------

]]></system-out>
  <system-err><![CDATA[Starting ChromeDriver 72.0.3626.69 (3c16f8a135abc0d4da2dff33804db79b849a7c38) on port 19691
Only local connections are allowed.
Please protect ports used by ChromeDriver and related test frameworks to prevent access by malicious code.
[1594069660.267][WARNING]: Timed out connecting to Chrome, retrying...
jul 06, 2020 4:07:42 PM org.openqa.selenium.remote.ProtocolHandshake createSession
INFORMACIÓN: Detected dialect: OSS
]]></system-err>
</testsuite>
